<?xml version="1.0" encoding="UTF-8"?>
<testsuite xmlns:xsi="http://www.w3.org/2001/XMLSchema-instance" xsi:noNamespaceSchemaLocation="https://maven.apache.org/surefire/maven-surefire-plugin/xsd/surefire-test-report-3.0.xsd" version="3.0" name="model.PositionTest" time="0.007" tests="3" errors="0" skipped="0" failures="0">
  <properties>
    <property name="java.specification.version" value="16"/>
    <property name="sun.management.compiler" value="HotSpot 64-Bit Tiered Compilers"/>
    <property name="sun.jnu.encoding" value="UTF-8"/>
    <property name="java.runtime.version" value="16.0.1+9-24"/>
    <property name="java.class.path" value="/mnt/c/Users/Ádám/swe/game_project/target/test-classes:/mnt/c/Users/Ádám/swe/game_project/target/classes:/home/adma/.m2/repository/org/projectlombok/lombok/1.18.20/lombok-1.18.20.jar:/home/adma/.m2/repository/org/openjfx/javafx-controls/16/javafx-controls-16.jar:/home/adma/.m2/repository/org/openjfx/javafx-controls/16/javafx-controls-16-linux.jar:/home/adma/.m2/repository/org/openjfx/javafx-graphics/16/javafx-graphics-16.jar:/home/adma/.m2/repository/org/openjfx/javafx-graphics/16/javafx-graphics-16-linux.jar:/home/adma/.m2/repository/org/openjfx/javafx-base/16/javafx-base-16.jar:/home/adma/.m2/repository/org/openjfx/javafx-base/16/javafx-base-16-linux.jar:/home/adma/.m2/repository/org/openjfx/javafx-fxml/16/javafx-fxml-16.jar:/home/adma/.m2/repository/org/openjfx/javafx-fxml/16/javafx-fxml-16-linux.jar:/home/adma/.m2/repository/org/junit/jupiter/junit-jupiter-engine/5.7.1/junit-jupiter-engine-5.7.1.jar:/home/adma/.m2/repository/org/apiguardian/apiguardian-api/1.1.0/apiguardian-api-1.1.0.jar:/home/adma/.m2/repository/org/junit/platform/junit-platform-engine/1.7.1/junit-platform-engine-1.7.1.jar:/home/adma/.m2/repository/org/opentest4j/opentest4j/1.2.0/opentest4j-1.2.0.jar:/home/adma/.m2/repository/org/junit/platform/junit-platform-commons/1.7.1/junit-platform-commons-1.7.1.jar:/home/adma/.m2/repository/org/junit/jupiter/junit-jupiter-api/5.7.1/junit-jupiter-api-5.7.1.jar:/home/adma/.m2/repository/jakarta/xml/bind/jakarta.xml.bind-api/3.0.0/jakarta.xml.bind-api-3.0.0.jar:/home/adma/.m2/repository/com/sun/activation/jakarta.activation/2.0.0/jakarta.activation-2.0.0.jar:/home/adma/.m2/repository/org/glassfish/jaxb/jaxb-runtime/3.0.0/jaxb-runtime-3.0.0.jar:/home/adma/.m2/repository/org/glassfish/jaxb/jaxb-core/3.0.0/jaxb-core-3.0.0.jar:/home/adma/.m2/repository/org/glassfish/jaxb/txw2/3.0.0/txw2-3.0.0.jar:/home/adma/.m2/repository/com/sun/istack/istack-commons-runtime/4.0.0/istack-commons-runtime-4.0.0.jar:/home/adma/.m2/repository/org/tinylog/tinylog-api/2.2.1/tinylog-api-2.2.1.jar:/home/adma/.m2/repository/org/tinylog/tinylog-impl/2.2.1/tinylog-impl-2.2.1.jar:/home/adma/.m2/repository/org/codehaus/mojo/animal-sniffer-annotations/1.18/animal-sniffer-annotations-1.18.jar:"/>
    <property name="user.name" value="adma"/>
    <property name="java.vm.vendor" value="Oracle Corporation"/>
    <property name="path.separator" value=":"/>
    <property name="sun.arch.data.model" value="64"/>
    <property name="os.version" value="4.4.0-19041-Microsoft"/>
    <property name="java.runtime.name" value="OpenJDK Runtime Environment"/>
    <property name="file.encoding" value="UTF-8"/>
    <property name="java.vendor.url" value="https://java.oracle.com/"/>
    <property name="java.vm.name" value="OpenJDK 64-Bit Server VM"/>
    <property name="java.vm.specification.version" value="16"/>
    <property name="os.name" value="Linux"/>
    <property name="sun.java.launcher" value="SUN_STANDARD"/>
    <property name="localRepository" value="/home/adma/.m2/repository"/>
    <property name="sun.boot.library.path" value="/home/adma/.sdkman/candidates/java/16.0.1-open/lib"/>
    <property name="sun.java.command" value="/mnt/c/Users/Ádám/swe/game_project/target/surefire/surefirebooter13279658078134959919.jar /mnt/c/Users/Ádám/swe/game_project/target/surefire 2021-05-16T07-35-39_414-jvmRun1 surefire7387721086761443701tmp surefire_015706418121921152817tmp"/>
    <property name="java.vendor.url.bug" value="https://bugreport.java.com/bugreport/"/>
    <property name="java.io.tmpdir" value="/tmp"/>
    <property name="jdk.debug" value="release"/>
    <property name="surefire.test.class.path" value="/mnt/c/Users/Ádám/swe/game_project/target/test-classes:/mnt/c/Users/Ádám/swe/game_project/target/classes:/home/adma/.m2/repository/org/projectlombok/lombok/1.18.20/lombok-1.18.20.jar:/home/adma/.m2/repository/org/openjfx/javafx-controls/16/javafx-controls-16.jar:/home/adma/.m2/repository/org/openjfx/javafx-controls/16/javafx-controls-16-linux.jar:/home/adma/.m2/repository/org/openjfx/javafx-graphics/16/javafx-graphics-16.jar:/home/adma/.m2/repository/org/openjfx/javafx-graphics/16/javafx-graphics-16-linux.jar:/home/adma/.m2/repository/org/openjfx/javafx-base/16/javafx-base-16.jar:/home/adma/.m2/repository/org/openjfx/javafx-base/16/javafx-base-16-linux.jar:/home/adma/.m2/repository/org/openjfx/javafx-fxml/16/javafx-fxml-16.jar:/home/adma/.m2/repository/org/openjfx/javafx-fxml/16/javafx-fxml-16-linux.jar:/home/adma/.m2/repository/org/junit/jupiter/junit-jupiter-engine/5.7.1/junit-jupiter-engine-5.7.1.jar:/home/adma/.m2/repository/org/apiguardian/apiguardian-api/1.1.0/apiguardian-api-1.1.0.jar:/home/adma/.m2/repository/org/junit/platform/junit-platform-engine/1.7.1/junit-platform-engine-1.7.1.jar:/home/adma/.m2/repository/org/opentest4j/opentest4j/1.2.0/opentest4j-1.2.0.jar:/home/adma/.m2/repository/org/junit/platform/junit-platform-commons/1.7.1/junit-platform-commons-1.7.1.jar:/home/adma/.m2/repository/org/junit/jupiter/junit-jupiter-api/5.7.1/junit-jupiter-api-5.7.1.jar:/home/adma/.m2/repository/jakarta/xml/bind/jakarta.xml.bind-api/3.0.0/jakarta.xml.bind-api-3.0.0.jar:/home/adma/.m2/repository/com/sun/activation/jakarta.activation/2.0.0/jakarta.activation-2.0.0.jar:/home/adma/.m2/repository/org/glassfish/jaxb/jaxb-runtime/3.0.0/jaxb-runtime-3.0.0.jar:/home/adma/.m2/repository/org/glassfish/jaxb/jaxb-core/3.0.0/jaxb-core-3.0.0.jar:/home/adma/.m2/repository/org/glassfish/jaxb/txw2/3.0.0/txw2-3.0.0.jar:/home/adma/.m2/repository/com/sun/istack/istack-commons-runtime/4.0.0/istack-commons-runtime-4.0.0.jar:/home/adma/.m2/repository/org/tinylog/tinylog-api/2.2.1/tinylog-api-2.2.1.jar:/home/adma/.m2/repository/org/tinylog/tinylog-impl/2.2.1/tinylog-impl-2.2.1.jar:/home/adma/.m2/repository/org/codehaus/mojo/animal-sniffer-annotations/1.18/animal-sniffer-annotations-1.18.jar:"/>
    <property name="sun.cpu.endian" value="little"/>
    <property name="java.version" value="16.0.1"/>
    <property name="user.home" value="/home/adma"/>
    <property name="user.dir" value="/mnt/c/Users/Ádám/swe/game_project"/>
    <property name="os.arch" value="amd64"/>
    <property name="user.language" value="en"/>
    <property name="java.specification.vendor" value="Oracle Corporation"/>
    <property name="java.vm.specification.name" value="Java Virtual Machine Specification"/>
    <property name="java.version.date" value="2021-04-20"/>
    <property name="java.home" value="/home/adma/.sdkman/candidates/java/16.0.1-open"/>
    <property name="file.separator" value="/"/>
    <property name="basedir" value="/mnt/c/Users/Ádám/swe/game_project"/>
    <property name="java.vm.compressedOopsMode" value="32-bit"/>
    <property name="line.separator" value="&#10;"/>
    <property name="java.library.path" value="/usr/java/packages/lib:/usr/lib64:/lib64:/lib:/usr/lib"/>
    <property name="java.vm.info" value="mixed mode, sharing"/>
    <property name="java.vm.specification.vendor" value="Oracle Corporation"/>
    <property name="java.specification.name" value="Java Platform API Specification"/>
    <property name="java.vendor" value="Oracle Corporation"/>
    <property name="java.vm.version" value="16.0.1+9-24"/>
    <property name="sun.io.unicode.encoding" value="UnicodeLittle"/>
    <property name="java.class.version" value="60.0"/>
    <property name="surefire.real.class.path" value="/mnt/c/Users/Ádám/swe/game_project/target/surefire/surefirebooter13279658078134959919.jar"/>
  </properties>
  <testcase name="testCol" classname="model.PositionTest" time="0.001"/>
  <testcase name="testRow" classname="model.PositionTest" time="0.001"/>
  <testcase name="testMoveTo" classname="model.PositionTest" time="0.001"/>
</testsuite>